<?xml version="1.0" encoding="UTF-8"?>
<testsuite xmlns:xsi="http://www.w3.org/2001/XMLSchema-instance" xsi:noNamespaceSchemaLocation="https://maven.apache.org/surefire/maven-surefire-plugin/xsd/surefire-test-report-3.0.xsd" version="3.0" name="TripCostCalculatorTest" time="0.022" tests="1" errors="0" skipped="0" failures="0">
  <properties>
    <property name="java.specification.version" value="23"/>
    <property name="sun.jnu.encoding" value="UTF-8"/>
    <property name="java.class.path" value="/Users/viettran/Desktop/2ndPeriod/week7/tripcost/target/test-classes:/Users/viettran/Desktop/2ndPeriod/week7/tripcost/target/classes:/Users/viettran/.m2/repository/junit/junit/4.13.2/junit-4.13.2.jar:/Users/viettran/.m2/repository/org/hamcrest/hamcrest-core/1.3/hamcrest-core-1.3.jar:/Users/viettran/.m2/repository/org/junit/jupiter/junit-jupiter/5.11.1/junit-jupiter-5.11.1.jar:/Users/viettran/.m2/repository/org/junit/jupiter/junit-jupiter-api/5.11.1/junit-jupiter-api-5.11.1.jar:/Users/viettran/.m2/repository/org/opentest4j/opentest4j/1.3.0/opentest4j-1.3.0.jar:/Users/viettran/.m2/repository/org/junit/platform/junit-platform-commons/1.11.1/junit-platform-commons-1.11.1.jar:/Users/viettran/.m2/repository/org/apiguardian/apiguardian-api/1.1.2/apiguardian-api-1.1.2.jar:/Users/viettran/.m2/repository/org/junit/jupiter/junit-jupiter-params/5.11.1/junit-jupiter-params-5.11.1.jar:/Users/viettran/.m2/repository/org/junit/jupiter/junit-jupiter-engine/5.11.1/junit-jupiter-engine-5.11.1.jar:/Users/viettran/.m2/repository/org/junit/platform/junit-platform-engine/1.11.1/junit-platform-engine-1.11.1.jar:"/>
    <property name="java.vm.vendor" value="Homebrew"/>
    <property name="sun.arch.data.model" value="64"/>
    <property name="java.vendor.url" value="https://github.com/Homebrew/homebrew-core/issues"/>
    <property name="os.name" value="Mac OS X"/>
    <property name="java.vm.specification.version" value="23"/>
    <property name="sun.java.launcher" value="SUN_STANDARD"/>
    <property name="user.country" value="FI"/>
    <property name="sun.boot.library.path" value="/opt/homebrew/Cellar/openjdk/23.0.1/libexec/openjdk.jdk/Contents/Home/lib"/>
    <property name="sun.java.command" value="/Users/viettran/Desktop/2ndPeriod/week7/tripcost/target/surefire/surefirebooter-20250306141136194_3.jar /Users/viettran/Desktop/2ndPeriod/week7/tripcost/target/surefire 2025-03-06T14-11-36_153-jvmRun1 surefire-20250306141136194_1tmp surefire_0-20250306141136194_2tmp"/>
    <property name="http.nonProxyHosts" value="local|*.local|169.254/16|*.169.254/16"/>
    <property name="jdk.debug" value="release"/>
    <property name="surefire.test.class.path" value="/Users/viettran/Desktop/2ndPeriod/week7/tripcost/target/test-classes:/Users/viettran/Desktop/2ndPeriod/week7/tripcost/target/classes:/Users/viettran/.m2/repository/junit/junit/4.13.2/junit-4.13.2.jar:/Users/viettran/.m2/repository/org/hamcrest/hamcrest-core/1.3/hamcrest-core-1.3.jar:/Users/viettran/.m2/repository/org/junit/jupiter/junit-jupiter/5.11.1/junit-jupiter-5.11.1.jar:/Users/viettran/.m2/repository/org/junit/jupiter/junit-jupiter-api/5.11.1/junit-jupiter-api-5.11.1.jar:/Users/viettran/.m2/repository/org/opentest4j/opentest4j/1.3.0/opentest4j-1.3.0.jar:/Users/viettran/.m2/repository/org/junit/platform/junit-platform-commons/1.11.1/junit-platform-commons-1.11.1.jar:/Users/viettran/.m2/repository/org/apiguardian/apiguardian-api/1.1.2/apiguardian-api-1.1.2.jar:/Users/viettran/.m2/repository/org/junit/jupiter/junit-jupiter-params/5.11.1/junit-jupiter-params-5.11.1.jar:/Users/viettran/.m2/repository/org/junit/jupiter/junit-jupiter-engine/5.11.1/junit-jupiter-engine-5.11.1.jar:/Users/viettran/.m2/repository/org/junit/platform/junit-platform-engine/1.11.1/junit-platform-engine-1.11.1.jar:"/>
    <property name="sun.cpu.endian" value="little"/>
    <property name="user.home" value="/Users/viettran"/>
    <property name="user.language" value="en"/>
    <property name="java.specification.vendor" value="Oracle Corporation"/>
    <property name="java.version.date" value="2024-10-15"/>
    <property name="java.home" value="/opt/homebrew/Cellar/openjdk/23.0.1/libexec/openjdk.jdk/Contents/Home"/>
    <property name="file.separator" value="/"/>
    <property name="basedir" value="/Users/viettran/Desktop/2ndPeriod/week7/tripcost"/>
    <property name="java.vm.compressedOopsMode" value="Zero based"/>
    <property name="line.separator" value="&#10;"/>
    <property name="java.vm.specification.vendor" value="Oracle Corporation"/>
    <property name="java.specification.name" value="Java Platform API Specification"/>
    <property name="apple.awt.application.name" value="ForkedBooter"/>
    <property name="surefire.real.class.path" value="/Users/viettran/Desktop/2ndPeriod/week7/tripcost/target/surefire/surefirebooter-20250306141136194_3.jar"/>
    <property name="sun.management.compiler" value="HotSpot 64-Bit Tiered Compilers"/>
    <property name="ftp.nonProxyHosts" value="local|*.local|169.254/16|*.169.254/16"/>
    <property name="java.runtime.version" value="23.0.1"/>
    <property name="user.name" value="viettran"/>
    <property name="stdout.encoding" value="UTF-8"/>
    <property name="path.separator" value=":"/>
    <property name="os.version" value="15.3.1"/>
    <property name="java.runtime.name" value="OpenJDK Runtime Environment"/>
    <property name="file.encoding" value="UTF-8"/>
    <property name="java.vm.name" value="OpenJDK 64-Bit Server VM"/>
    <property name="java.vendor.version" value="Homebrew"/>
    <property name="localRepository" value="/Users/viettran/.m2/repository"/>
    <property name="java.vendor.url.bug" value="https://github.com/Homebrew/homebrew-core/issues"/>
    <property name="java.io.tmpdir" value="/var/folders/5v/s4bmqgw567j_9k7py_9b3f040000gn/T/"/>
    <property name="java.version" value="23.0.1"/>
    <property name="user.dir" value="/Users/viettran/Desktop/2ndPeriod/week7/tripcost"/>
    <property name="os.arch" value="aarch64"/>
    <property name="java.vm.specification.name" value="Java Virtual Machine Specification"/>
    <property name="native.encoding" value="UTF-8"/>
    <property name="java.library.path" value="/Users/viettran/Library/Java/Extensions:/Library/Java/Extensions:/Network/Library/Java/Extensions:/System/Library/Java/Extensions:/usr/lib/java:."/>
    <property name="java.vm.info" value="mixed mode, sharing"/>
    <property name="stderr.encoding" value="UTF-8"/>
    <property name="java.vendor" value="Homebrew"/>
    <property name="java.vm.version" value="23.0.1"/>
    <property name="sun.io.unicode.encoding" value="UnicodeBig"/>
    <property name="socksNonProxyHosts" value="local|*.local|169.254/16|*.169.254/16"/>
    <property name="java.class.version" value="67.0"/>
  </properties>
  <testcase name="testCalculateTotalCost" classname="TripCostCalculatorTest" time="0.011"/>
</testsuite>